<?xml version="1.0" encoding="UTF-8" ?>
<testsuite failures="1" time="0.097" errors="0" skipped="0" tests="1" name="tr.edu.hacettepe.cs.submitdsl.SubmitDslTest">
  <properties>
[...]
</properties>
  <testcase time="0.076" classname="tr.edu.hacettepe.cs.submitdsl.SubmitDslTest" name="testInvalidSubmission">
    <failure message="" type="java.lang.AssertionError">java.lang.AssertionError: 
	at org.junit.Assert.fail(Assert.java:91)
	at org.junit.Assert.assertTrue(Assert.java:43)
	at org.junit.Assert.assertFalse(Assert.java:68)
	at org.junit.Assert.assertFalse(Assert.java:79)
	at tr.edu.hacettepe.cs.submitdsl.SubmitDslTest.testInvalidSubmission(SubmitDslTest.java:34)
	at sun.reflect.NativeMethodAccessorImpl.invoke0(Native Method)
	at sun.reflect.NativeMethodAccessorImpl.invoke(NativeMethodAccessorImpl.java:39)
	at sun.reflect.DelegatingMethodAccessorImpl.invoke(DelegatingMethodAccessorImpl.java:25)
	at java.lang.reflect.Method.invoke(Method.java:597)
	at org.junit.runners.model.FrameworkMethod$1.runReflectiveCall(FrameworkMethod.java:44)
	at org.junit.internal.runners.model.ReflectiveCallable.run(ReflectiveCallable.java:15)
	at org.junit.runners.model.FrameworkMethod.invokeExplosively(FrameworkMethod.java:41)
	at org.junit.internal.runners.statements.InvokeMethod.evaluate(InvokeMethod.java:20)
	at org.junit.internal.runners.statements.RunBefores.evaluate(RunBefores.java:28)
	at org.junit.internal.runners.statements.RunAfters.evaluate(RunAfters.java:31)
	at org.junit.runners.BlockJUnit4ClassRunner.runChild(BlockJUnit4ClassRunner.java:73)
	at org.junit.runners.BlockJUnit4ClassRunner.runChild(BlockJUnit4ClassRunner.java:46)
	at org.junit.runners.ParentRunner.runChildren(ParentRunner.java:180)
	at org.junit.runners.ParentRunner.access$000(ParentRunner.java:41)
	at org.junit.runners.ParentRunner$1.evaluate(ParentRunner.java:173)
	at org.junit.internal.runners.statements.RunBefores.evaluate(RunBefores.java:28)
	at org.junit.internal.runners.statements.RunAfters.evaluate(RunAfters.java:31)
	at org.junit.runners.ParentRunner.run(ParentRunner.java:220)
	at org.apache.maven.surefire.junit4.JUnit4TestSet.execute(JUnit4TestSet.java:62)
	at org.apache.maven.surefire.suite.AbstractDirectoryTestSuite.executeTestSet(AbstractDirectoryTestSuite.java:140)
	at org.apache.maven.surefire.suite.AbstractDirectoryTestSuite.execute(AbstractDirectoryTestSuite.java:127)
	at org.apache.maven.surefire.Surefire.run(Surefire.java:177)
	at sun.reflect.NativeMethodAccessorImpl.invoke0(Native Method)
	at sun.reflect.NativeMethodAccessorImpl.invoke(NativeMethodAccessorImpl.java:39)
	at sun.reflect.DelegatingMethodAccessorImpl.invoke(DelegatingMethodAccessorImpl.java:25)
	at java.lang.reflect.Method.invoke(Method.java:597)
	at org.apache.maven.surefire.booter.SurefireBooter.runSuitesInProcess(SurefireBooter.java:345)
	at org.apache.maven.surefire.booter.SurefireBooter.main(SurefireBooter.java:1009)
</failure>
    <system-out>null bu
directorlar:src/main/java/tr/edu/hacettepe/cs/submitdsl/
directorlar:src/main/antlr3/tr/edu/hacettepe/cs/submitdsl/
directorlar:report/

Extracting: report/
src/main/java/tr/edu/hacettepe/cs/submitdsl/
src/main/antlr3/tr/edu/hacettepe/cs/submitdsl/
report/

Extracting: report/report.pdf
I found it

Extracting: src/
src/main/java/tr/edu/hacettepe/cs/submitdsl/

Extracting: src/main/
src/main/java/tr/edu/hacettepe/cs/submitdsl/

Extracting: src/main/antlr3/
src/main/java/tr/edu/hacettepe/cs/submitdsl/
src/main/antlr3/tr/edu/hacettepe/cs/submitdsl/

Extracting: src/main/antlr3/tr/
src/main/java/tr/edu/hacettepe/cs/submitdsl/
src/main/antlr3/tr/edu/hacettepe/cs/submitdsl/

Extracting: src/main/antlr3/tr/edu/
src/main/java/tr/edu/hacettepe/cs/submitdsl/
src/main/antlr3/tr/edu/hacettepe/cs/submitdsl/

Extracting: src/main/antlr3/tr/edu/hacettepe/
src/main/java/tr/edu/hacettepe/cs/submitdsl/
src/main/antlr3/tr/edu/hacettepe/cs/submitdsl/

Extracting: src/main/antlr3/tr/edu/hacettepe/cs/
src/main/java/tr/edu/hacettepe/cs/submitdsl/
src/main/antlr3/tr/edu/hacettepe/cs/submitdsl/

Extracting: src/main/antlr3/tr/edu/hacettepe/cs/submitdsl/
src/main/java/tr/edu/hacettepe/cs/submitdsl/
src/main/antlr3/tr/edu/hacettepe/cs/submitdsl/

Extracting: src/main/antlr3/tr/edu/hacettepe/cs/submitdsl/SubmitDsl.g
I found it

Extracting: src/main/antlr3/tr/edu/hacettepe/cs/submitdsl/SubmitDsl.tokens
I found it

Extracting: src/main/java/
src/main/java/tr/edu/hacettepe/cs/submitdsl/

Extracting: src/main/java/tr/
src/main/java/tr/edu/hacettepe/cs/submitdsl/

Extracting: src/main/java/tr/edu/
src/main/java/tr/edu/hacettepe/cs/submitdsl/

Extracting: src/main/java/tr/edu/hacettepe/
src/main/java/tr/edu/hacettepe/cs/submitdsl/

Extracting: src/main/java/tr/edu/hacettepe/cs/
src/main/java/tr/edu/hacettepe/cs/submitdsl/

Extracting: src/main/java/tr/edu/hacettepe/cs/submitdsl/
src/main/java/tr/edu/hacettepe/cs/submitdsl/

Extracting: src/main/java/tr/edu/hacettepe/cs/submitdsl/MySubmitDslEngine.java
I found it

Extracting: src/main/java/tr/edu/hacettepe/cs/submitdsl/MySubmitFormat.java
I found it

Extracting: src/main/java/tr/edu/hacettepe/cs/submitdsl/MySubmitModel.java
I found it

Extracting: src/main/java/tr/edu/hacettepe/cs/submitdsl/SubmitDslEngine.java
I found it

Extracting: src/main/java/tr/edu/hacettepe/cs/submitdsl/SubmitModel.java
I found it

Extracting: src/main/antlr3/tr/edu/hacettepe/cs/submitdsl/assignment.png
I did not find it

Extracting: src/main/antlr3/tr/edu/hacettepe/cs/submitdsl/Ekran Goruntusu.png
I did not find it

Extracting: src/main/java/tr/edu/hacettepe/cs/submitdsl/gergedan.txt
I did not find it
sebepır road:src/main/antlr3/tr/edu/hacettepe/cs/submitdsl
sebep:.png
sonuc:src/main/java/tr/edu/hacettepe/cs/submitdsl/SubmitDslEngine.java
sonuc:src/main/java/tr/edu/hacettepe/cs/submitdsl/MySubmitDslEngine.java
sonuc:src/main/java/tr/edu/hacettepe/cs/submitdsl/SubmitModel.java
sonuc:src/main/java/tr/edu/hacettepe/cs/submitdsl/MySubmitModel.java
sonuc:src/main/java/tr/edu/hacettepe/cs/submitdsl/MySubmitFormat.java
sonuc:src/main/antlr3/tr/edu/hacettepe/cs/submitdsl/SubmitDsl.g
sonuc:src/main/antlr3/tr/edu/hacettepe/cs/submitdsl/SubmitDsl.tokens
sonuc:report/report.pdf
file patternlar:mandatory
src/main/antlr3/tr/edu/hacettepe/cs/submitdsl vs src/main/antlr3/tr/edu/hacettepe/cs/submitdsl
vay
file patternlar:mandatory
vay
o bulundu
sebepır road:src/main/antlr3/tr/edu/hacettepe/cs/submitdsl
sebep:.png
sonuc:src/main/java/tr/edu/hacettepe/cs/submitdsl/SubmitDslEngine.java
sonuc:src/main/java/tr/edu/hacettepe/cs/submitdsl/MySubmitDslEngine.java
sonuc:src/main/java/tr/edu/hacettepe/cs/submitdsl/SubmitModel.java
sonuc:src/main/java/tr/edu/hacettepe/cs/submitdsl/MySubmitModel.java
sonuc:src/main/java/tr/edu/hacettepe/cs/submitdsl/MySubmitFormat.java
sonuc:src/main/antlr3/tr/edu/hacettepe/cs/submitdsl/SubmitDsl.g
sonuc:src/main/antlr3/tr/edu/hacettepe/cs/submitdsl/SubmitDsl.tokens
sonuc:report/report.pdf
file patternlar:mandatory
src/main/antlr3/tr/edu/hacettepe/cs/submitdsl vs src/main/antlr3/tr/edu/hacettepe/cs/submitdsl
vay
file patternlar:mandatory
vay
o bulundu
sebepır road:src/main/java/tr/edu/hacettepe/cs/submitdsl
sebep:.txt
sonuc:src/main/java/tr/edu/hacettepe/cs/submitdsl/SubmitDslEngine.java
sonuc:src/main/java/tr/edu/hacettepe/cs/submitdsl/MySubmitDslEngine.java
sonuc:src/main/java/tr/edu/hacettepe/cs/submitdsl/SubmitModel.java
sonuc:src/main/java/tr/edu/hacettepe/cs/submitdsl/MySubmitModel.java
sonuc:src/main/java/tr/edu/hacettepe/cs/submitdsl/MySubmitFormat.java
sonuc:src/main/antlr3/tr/edu/hacettepe/cs/submitdsl/SubmitDsl.g
sonuc:src/main/antlr3/tr/edu/hacettepe/cs/submitdsl/SubmitDsl.tokens
sonuc:report/report.pdf
file patternlar:mandatory
src/main/java/tr/edu/hacettepe/cs/submitdsl vs src/main/java/tr/edu/hacettepe/cs/submitdsl
vay
oda bulundu
return true...
</system-out>
  </testcase>
</testsuite>